  openglcode.cpp
C:\Users\inhee\source\repos\Opengl_Tut\Opengl_Tut\openglcode.cpp(1,1): warning C4819: 현재 코드 페이지(949)에서 표시할 수 없는 문자가 파일에 들어 있습니다. 데이터가 손실되지 않게 하려면 해당 파일을 유니코드 형식으로 저장하십시오.
C:\Users\inhee\source\repos\Opengl_Tut\Opengl_Tut\openglcode.h(1,1): warning C4819: 현재 코드 페이지(949)에서 표시할 수 없는 문자가 파일에 들어 있습니다. 데이터가 손실되지 않게 하려면 해당 파일을 유니코드 형식으로 저장하십시오.
  (소스 파일 'openglcode.cpp'을(를) 컴파일하는 중)
  
C:\glfw-3.4\include\GLFW\glfw3.h(3235,1): warning C4819: 현재 코드 페이지(949)에서 표시할 수 없는 문자가 파일에 들어 있습니다. 데이터가 손실되지 않게 하려면 해당 파일을 유니코드 형식으로 저장하십시오.
  (소스 파일 'openglcode.cpp'을(를) 컴파일하는 중)
  
C:\Users\inhee\source\repos\Opengl_Tut\Opengl_Tut\openglcode.cpp(76,23): warning C4244: '초기화 중': 'double'에서 'float'(으)로 변환하면서 데이터가 손실될 수 있습니다.
C:\Users\inhee\source\repos\Opengl_Tut\Opengl_Tut\openglcode.cpp(116,22): warning C4244: '=': 'double'에서 'T'(으)로 변환하면서 데이터가 손실될 수 있습니다.
C:\Users\inhee\source\repos\Opengl_Tut\Opengl_Tut\openglcode.cpp(116,22): warning C4244:         with
C:\Users\inhee\source\repos\Opengl_Tut\Opengl_Tut\openglcode.cpp(116,22): warning C4244:         [
C:\Users\inhee\source\repos\Opengl_Tut\Opengl_Tut\openglcode.cpp(116,22): warning C4244:             T=float
C:\Users\inhee\source\repos\Opengl_Tut\Opengl_Tut\openglcode.cpp(116,22): warning C4244:         ]
C:\Users\inhee\source\repos\Opengl_Tut\Opengl_Tut\openglcode.cpp(117,43): warning C4244: '=': 'double'에서 'T'(으)로 변환하면서 데이터가 손실될 수 있습니다.
C:\Users\inhee\source\repos\Opengl_Tut\Opengl_Tut\openglcode.cpp(117,43): warning C4244:         with
C:\Users\inhee\source\repos\Opengl_Tut\Opengl_Tut\openglcode.cpp(117,43): warning C4244:         [
C:\Users\inhee\source\repos\Opengl_Tut\Opengl_Tut\openglcode.cpp(117,43): warning C4244:             T=float
C:\Users\inhee\source\repos\Opengl_Tut\Opengl_Tut\openglcode.cpp(117,43): warning C4244:         ]
C:\Users\inhee\source\repos\Opengl_Tut\Opengl_Tut\openglcode.cpp(302,14): warning C4244: '초기화 중': 'double'에서 'float'(으)로 변환하면서 데이터가 손실될 수 있습니다.
C:\Users\inhee\source\repos\Opengl_Tut\Opengl_Tut\openglcode.cpp(303,14): warning C4244: '초기화 중': 'double'에서 'float'(으)로 변환하면서 데이터가 손실될 수 있습니다.
C:\Users\inhee\source\repos\Opengl_Tut\Opengl_Tut\openglcode.cpp(353,12): warning C4244: '=': 'double'에서 'float'(으)로 변환하면서 데이터가 손실될 수 있습니다.
C:\Users\inhee\source\repos\Opengl_Tut\Opengl_Tut\openglcode.cpp(354,12): warning C4244: '=': 'double'에서 'float'(으)로 변환하면서 데이터가 손실될 수 있습니다.
C:\Users\inhee\source\repos\Opengl_Tut\Opengl_Tut\openglcode.cpp(360,17): warning C4244: '초기화 중': 'double'에서 'float'(으)로 변환하면서 데이터가 손실될 수 있습니다.
C:\Users\inhee\source\repos\Opengl_Tut\Opengl_Tut\openglcode.cpp(361,17): warning C4244: '초기화 중': 'double'에서 'float'(으)로 변환하면서 데이터가 손실될 수 있습니다.
C:\Users\inhee\source\repos\Opengl_Tut\Opengl_Tut\openglcode.cpp(363,11): warning C4244: '=': 'double'에서 'float'(으)로 변환하면서 데이터가 손실될 수 있습니다.
C:\Users\inhee\source\repos\Opengl_Tut\Opengl_Tut\openglcode.cpp(364,11): warning C4244: '=': 'double'에서 'float'(으)로 변환하면서 데이터가 손실될 수 있습니다.
C:\Users\inhee\source\repos\Opengl_Tut\Opengl_Tut\openglcode.cpp(387,10): warning C4244: '-=': 'double'에서 'float'(으)로 변환하면서 데이터가 손실될 수 있습니다.
  Opengl_Tut.vcxproj -> C:\Users\inhee\source\repos\Opengl_Tut\x64\Debug\Opengl_Tut.exe
